<?xml version="1.0" encoding="UTF-8"?>
<testsuite name="Nopcommerce"
           tests="2"
           failures="0"
           errors="0"
           skipped="0"
           time="4.925">
  <properties />
  
  
            <testcase name="verifyThatUserRegisterAccountSuccessfully" time="3.959" classname="com.tutorialsNinja.testsuite.MyAccountTestPage" />
                <testcase name="verifyUserShouldNavigateToRegisterPageSuccessfully" time="0.966" classname="com.tutorialsNinja.testsuite.MyAccountTestPage" />
      
</testsuite>
