<?xml version="1.0" encoding="UTF-8"?>
<!-- Generated by org.testng.reporters.JUnitXMLReporter -->
<testsuite hostname="Hirals-Laptop" ignored="2" name="computer test" tests="2" failures="0" timestamp="2023-06-27T12:17:10 BST" time="30.074" errors="0">
  <testcase name="verifyProductAddedToShoppingCartSuccessFully" time="17.101" classname="com.testsuite.ComputerPageTest"/>
  <testcase name="verifyProductArrangeInAlphaBaticalOrder" time="1.442" classname="com.testsuite.ComputerPageTest"/>
  <testcase name="verifyUserShouldclickonelectronics" time="0.0" classname="com.testsuite.ComputerPageTest">
    <ignored/>
  </testcase> <!-- verifyUserShouldclickonelectronics -->
  <testcase name="groupTest" time="0.0" classname="com.testsuite.ComputerPageTest">
    <ignored/>
  </testcase> <!-- groupTest -->
</testsuite> <!-- computer test -->
