<?xml version="1.0" encoding="UTF-8"?>
<!-- Generated by org.testng.reporters.JUnitXMLReporter -->
<testsuite hostname="Hirals-Laptop" ignored="0" name="cvlibrary test" tests="2" failures="0" timestamp="2023-06-27T15:25:57 BST" time="44.668" errors="0">
  <testcase name="verifyLocators" time="28.072" classname="uk.co.library.testsuite.HomePageTest"/>
  <testcase name="verifyJobSearchResultUsingDifferentDataSet" time="3.822" classname="uk.co.library.testsuite.JobSreachTest"/>
</testsuite> <!-- cvlibrary test -->
