<?xml version="1.0" encoding="UTF-8"?>
<!-- Generated by org.testng.reporters.JUnitXMLReporter -->
<testsuite hostname="Hirals-Laptop" ignored="0" name="visa home office" tests="4" failures="0" timestamp="2023-06-27T21:21:26 BST" time="28.411" errors="0">
  <testcase name="verifyAllPagesLocators" time="2.12" classname="gov.uk.check.visa.testsuite.StartPageTest"/>
  <testcase name="aChileanComingToTheUKForWorkAndPlansOnStayingForLongerThanSixMonths" time="2.266" classname="gov.uk.check.visa.testsuite.VisaConfimationTest"/>
  <testcase name="anAustralianCominToUKForTourism" time="1.689" classname="gov.uk.check.visa.testsuite.VisaConfimationTest"/>
  <testcase name="aColumbianNationalComingToTheUKToJoinAPartnerForALongStayTheyDoHaveAnArticle10Or20Card" time="2.063" classname="gov.uk.check.visa.testsuite.VisaConfimationTest"/>
</testsuite> <!-- visa home office -->
