<?xml version="1.0" encoding="UTF-8"?>
<!-- Generated by org.testng.reporters.JUnitXMLReporter -->
<testsuite hostname="Hirals-Laptop" ignored="2" name="nopCommerce" tests="1" failures="0" timestamp="2023-06-22T23:28:07 BST" time="28.491" errors="0">
  <testcase name="verifyProductAddedToShoppingCartSuccessFully" time="21.392" classname="com.testsuite.ComputerPageTest"/>
  <testcase name="verifyUserShouldclickonelectronics" time="0.0" classname="com.testsuite.ComputerPageTest">
    <ignored/>
  </testcase> <!-- verifyUserShouldclickonelectronics -->
  <testcase name="verifyProductArrangeInAlphaBaticalOrder" time="0.0" classname="com.testsuite.ComputerPageTest">
    <ignored/>
  </testcase> <!-- verifyProductArrangeInAlphaBaticalOrder -->
</testsuite> <!-- nopCommerce -->
