<?xml version="1.0" encoding="UTF-8"?>
<!-- Generated by org.testng.reporters.JUnitXMLReporter -->
<testsuite hostname="Hirals-Laptop" ignored="2" name="com-tuturialsninja" tests="1" failures="0" timestamp="2023-06-24T13:22:46 BST" time="15.353" errors="0">
  <testcase name="verifyProductAddedToShoppingCartSuccessFully" time="8.027" classname="testsuite.gov.uk.check.visa.DesktopPageTest"/>
  <testcase name="verifyUserShouldNavigateToDesktopsPageSuccessfully" time="0.0" classname="testsuite.gov.uk.check.visa.DesktopPageTest">
    <ignored/>
  </testcase> <!-- verifyUserShouldNavigateToDesktopsPageSuccessfully -->
  <testcase name="verifyProductArrangeInAlphaBaticalOrder" time="0.0" classname="testsuite.gov.uk.check.visa.DesktopPageTest">
    <ignored/>
  </testcase> <!-- verifyProductArrangeInAlphaBaticalOrder -->
</testsuite> <!-- com-tuturialsninja -->
